L 02/26/2011 - 12:48:24: Log file started (file "logs\L0226001.log") (game "gomod") (version "48/1.1.2.1/4554")
L 02/26/2011 - 12:48:24: Loading map "cs_office"
L 02/26/2011 - 12:48:24: Server cvars start
L 02/26/2011 - 12:48:24: Server cvar "allow_bigmonsters" = "1"
L 02/26/2011 - 12:48:24: Server cvar "allow_bspmove" = "0"
L 02/26/2011 - 12:48:24: Server cvar "allow_camera" = "1"
L 02/26/2011 - 12:48:24: Server cvar "allow_monsterspawn" = "1"
L 02/26/2011 - 12:48:24: Server cvar "allow_noclip" = "1"
L 02/26/2011 - 12:48:24: Server cvar "allow_props" = "1"
L 02/26/2011 - 12:48:24: Server cvar "allow_toolgun" = "1"
L 02/26/2011 - 12:48:24: Server cvar "allow_voices" = "1"
L 02/26/2011 - 12:48:24: Server cvar "allow_weaponspawn" = "1"
L 02/26/2011 - 12:48:24: Server cvar "ally" = "0"
L 02/26/2011 - 12:48:24: Server cvar "coop" = "0"
L 02/26/2011 - 12:48:24: Server cvar "deathmatch" = "1"
L 02/26/2011 - 12:48:24: Server cvar "decalfrequency" = "30"
L 02/26/2011 - 12:48:24: Server cvar "disable_ia" = "0"
L 02/26/2011 - 12:48:24: Server cvar "edgefriction" = "2"
L 02/26/2011 - 12:48:24: Server cvar "fakecoop" = "1"
L 02/26/2011 - 12:48:24: Server cvar "hdr_simulate" = "0"
L 02/26/2011 - 12:48:24: Server cvar "max_queries_sec" = "3.0"
L 02/26/2011 - 12:48:24: Server cvar "max_queries_sec_global" = "30"
L 02/26/2011 - 12:48:24: Server cvar "max_queries_window" = "60"
L 02/26/2011 - 12:48:24: Server cvar "mp_allowmonsters" = "1"
L 02/26/2011 - 12:48:24: Server cvar "mp_autocrosshair" = "1"
L 02/26/2011 - 12:48:24: Server cvar "mp_chattime" = "10"
L 02/26/2011 - 12:48:24: Server cvar "mp_consistency" = "1"
L 02/26/2011 - 12:48:24: Server cvar "mp_falldamage" = "0"
L 02/26/2011 - 12:48:24: Server cvar "mp_flashlight" = "0"
L 02/26/2011 - 12:48:24: Server cvar "mp_footsteps" = "1"
L 02/26/2011 - 12:48:24: Server cvar "mp_forcerespawn" = "1"
L 02/26/2011 - 12:48:24: Server cvar "mp_friendlyfire" = "0"
L 02/26/2011 - 12:48:24: Server cvar "mp_logfile" = "1"
L 02/26/2011 - 12:48:24: Server cvar "mp_strip_weapons" = "0"
L 02/26/2011 - 12:48:24: Server cvar "mp_teamlist" = "hgrunt;scientist"
L 02/26/2011 - 12:48:24: Server cvar "mp_weaponstay" = "0"
L 02/26/2011 - 12:48:24: Server cvar "pausable" = "1"
L 02/26/2011 - 12:48:24: Server cvar "pose_mode" = "0"
L 02/26/2011 - 12:48:24: Server cvar "precache_all_npcs" = "1"
L 02/26/2011 - 12:48:24: Server cvar "remove_npcs" = "1"
L 02/26/2011 - 12:48:24: Server cvar "sv_accelerate" = "10"
L 02/26/2011 - 12:48:24: Server cvar "sv_aim" = "1"
L 02/26/2011 - 12:48:24: Server cvar "sv_airaccelerate" = "10"
L 02/26/2011 - 12:48:24: Server cvar "sv_airmove" = "1"
L 02/26/2011 - 12:48:24: Server cvar "sv_allowupload" = "1"
L 02/26/2011 - 12:48:24: Server cvar "sv_bounce" = "1"
L 02/26/2011 - 12:48:24: Server cvar "sv_cheats" = "0"
L 02/26/2011 - 12:48:24: Server cvar "sv_clienttrace" = "1"
L 02/26/2011 - 12:48:24: Server cvar "sv_clipmode" = "0"
L 02/26/2011 - 12:48:24: Server cvar "sv_contact" = ""
L 02/26/2011 - 12:48:24: Server cvar "sv_friction" = "4"
L 02/26/2011 - 12:48:24: Server cvar "sv_gravity" = "800"
L 02/26/2011 - 12:48:24: Server cvar "sv_logblocks" = "0"
L 02/26/2011 - 12:48:24: Server cvar "sv_maxrate" = "0"
L 02/26/2011 - 12:48:24: Server cvar "sv_maxspeed" = "320"
L 02/26/2011 - 12:48:24: Server cvar "sv_minrate" = "0"
L 02/26/2011 - 12:48:24: Server cvar "sv_password" = ""
L 02/26/2011 - 12:48:24: Server cvar "sv_proxies" = "1"
L 02/26/2011 - 12:48:24: Server cvar "sv_region" = "-1"
L 02/26/2011 - 12:48:24: Server cvar "sv_stepsize" = "18"
L 02/26/2011 - 12:48:24: Server cvar "sv_stopspeed" = "100"
L 02/26/2011 - 12:48:24: Server cvar "sv_uploadmax" = "0.5"
L 02/26/2011 - 12:48:24: Server cvar "sv_voiceenable" = "1"
L 02/26/2011 - 12:48:24: Server cvar "sv_wateraccelerate" = "10"
L 02/26/2011 - 12:48:24: Server cvar "sv_waterfriction" = "1"
L 02/26/2011 - 12:48:24: Server cvars end
L 02/26/2011 - 12:48:25: FATAL ERROR (shutting down): Unable to initialize Steam.
